  Patching repo sources for MSVC compatibility
  EnsoniqFS_clean.c
C:\Users\kevinhouser\Documents\GitHub\EnsoniqFS_VS\obj\Win32\Release\EnsoniqFS\EnsoniqFS_clean.c(3693,17): warning C4146: unary minus operator applied to unsigned type, result still unsigned
  disk_clean.c
  bank.c
  cache.c
  choosediskdlg.c
  ini.c
  log.c
  optionsdlg.c
  progressdlg.c
     Creating library C:\Users\kevinhouser\Documents\GitHub\EnsoniqFS_VS\bin\Win32\Release\EnsoniqFS.lib and object C:\Users\kevinhouser\Documents\GitHub\EnsoniqFS_VS\bin\Win32\Release\EnsoniqFS.exp
  Previous IPDB not found, fall back to full compilation.
EnsoniqFS.exp : warning LNK4070: /OUT:EnsoniqFS.dll directive in .EXP differs from output filename 'C:\Users\kevinhouser\Documents\GitHub\EnsoniqFS_VS\bin\Win32\Release\EnsoniqFS.wfx'; ignoring directive
  Generating code
C:\Users\kevinhouser\Documents\GitHub\EnsoniqFS_VS\obj\Win32\Release\EnsoniqFS\EnsoniqFS_clean.c(2860): warning C4700: uninitialized local variable 'Handle' used
  All 109 functions were compiled because no usable IPDB/IOBJ from previous compilation was found.
  Finished generating code
EnsoniqFS.exp : warning LNK4070: /OUT:EnsoniqFS.dll directive in .EXP differs from output filename 'C:\Users\kevinhouser\Documents\GitHub\EnsoniqFS_VS\bin\Win32\Release\EnsoniqFS.wfx'; ignoring directive
  EnsoniqFS.vcxproj -> C:\Users\kevinhouser\Documents\GitHub\EnsoniqFS_VS\bin\Win32\Release\EnsoniqFS.wfx
